# JRE version: Java(TM) SE Runtime Environment (8.0_201-b09) (build 1.8.0_201-b09)
# Java VM: Java HotSpot(TM) 64-Bit Server VM (25.201-b09 mixed mode windows-amd64 compressed oops)
Heap:
 PSYoungGen      total 227840K, used 48231K [0x00000000eab00000, 0x00000000fa600000, 0x0000000100000000)
  eden space 204800K, 20% used [0x00000000eab00000,0x00000000ed42d210,0x00000000f7300000)
  from space 23040K, 26% used [0x00000000f8f80000,0x00000000f956cd00,0x00000000fa600000)
  to   space 26112K, 0% used [0x00000000f7300000,0x00000000f7300000,0x00000000f8c80000)
 ParOldGen       total 139264K, used 98445K [0x00000000c0000000, 0x00000000c8800000, 0x00000000eab00000)
  object space 139264K, 70% used [0x00000000c0000000,0x00000000c60234d0,0x00000000c8800000)
 Metaspace       used 85088K, capacity 87574K, committed 87848K, reserved 1126400K
  class space    used 11179K, capacity 11757K, committed 11824K, reserved 1048576K
GC Heap History (10 events):
Event: 245.869 GC heap before
{Heap before GC invocations=34 (full 4):
 PSYoungGen      total 159232K, used 139539K [0x00000000eab00000, 0x00000000f7480000, 0x0000000100000000)
  eden space 129536K, 99% used [0x00000000eab00000,0x00000000f2953958,0x00000000f2980000)
  from space 29696K, 34% used [0x00000000f2980000,0x00000000f33713f8,0x00000000f4680000)
  to   space 28672K, 0% used [0x00000000f5880000,0x00000000f5880000,0x00000000f7480000)
 ParOldGen       total 139264K, used 69680K [0x00000000c0000000, 0x00000000c8800000, 0x00000000eab00000)
  object space 139264K, 50% used [0x00000000c0000000,0x00000000c440c318,0x00000000c8800000)
 Metaspace       used 84458K, capacity 86960K, committed 87080K, reserved 1124352K
  class space    used 11143K, capacity 11742K, committed 11824K, reserved 1048576K
Event: 245.939 GC heap after
Heap after GC invocations=34 (full 4):
 PSYoungGen      total 178176K, used 16493K [0x00000000eab00000, 0x00000000f7600000, 0x0000000100000000)
  eden space 149504K, 0% used [0x00000000eab00000,0x00000000eab00000,0x00000000f3d00000)
  from space 28672K, 57% used [0x00000000f5880000,0x00000000f689b438,0x00000000f7480000)
  to   space 28160K, 0% used [0x00000000f3d00000,0x00000000f3d00000,0x00000000f5880000)
 ParOldGen       total 139264K, used 69688K [0x00000000c0000000, 0x00000000c8800000, 0x00000000eab00000)
  object space 139264K, 50% used [0x00000000c0000000,0x00000000c440e318,0x00000000c8800000)
 Metaspace       used 84458K, capacity 86960K, committed 87080K, reserved 1124352K
  class space    used 11143K, capacity 11742K, committed 11824K, reserved 1048576K
}
Event: 247.193 GC heap before
{Heap before GC invocations=35 (full 4):
 PSYoungGen      total 178176K, used 165997K [0x00000000eab00000, 0x00000000f7600000, 0x0000000100000000)
  eden space 149504K, 100% used [0x00000000eab00000,0x00000000f3d00000,0x00000000f3d00000)
  from space 28672K, 57% used [0x00000000f5880000,0x00000000f689b438,0x00000000f7480000)
  to   space 28160K, 0% used [0x00000000f3d00000,0x00000000f3d00000,0x00000000f5880000)
 ParOldGen       total 139264K, used 69688K [0x00000000c0000000, 0x00000000c8800000, 0x00000000eab00000)
  object space 139264K, 50% used [0x00000000c0000000,0x00000000c440e318,0x00000000c8800000)
 Metaspace       used 84526K, capacity 87032K, committed 87336K, reserved 1124352K
  class space    used 11143K, capacity 11742K, committed 11824K, reserved 1048576K
Event: 247.278 GC heap after
Heap after GC invocations=35 (full 4):
 PSYoungGen      total 177664K, used 6536K [0x00000000eab00000, 0x00000000f8f80000, 0x0000000100000000)
  eden space 149504K, 0% used [0x00000000eab00000,0x00000000eab00000,0x00000000f3d00000)
  from space 28160K, 23% used [0x00000000f3d00000,0x00000000f4362378,0x00000000f5880000)
  to   space 28160K, 0% used [0x00000000f7400000,0x00000000f7400000,0x00000000f8f80000)
 ParOldGen       total 139264K, used 84455K [0x00000000c0000000, 0x00000000c8800000, 0x00000000eab00000)
  object space 139264K, 60% used [0x00000000c0000000,0x00000000c5279d28,0x00000000c8800000)
 Metaspace       used 84526K, capacity 87032K, committed 87336K, reserved 1124352K
  class space    used 11143K, capacity 11742K, committed 11824K, reserved 1048576K
}
Event: 248.745 GC heap before
{Heap before GC invocations=36 (full 4):
 PSYoungGen      total 177664K, used 156040K [0x00000000eab00000, 0x00000000f8f80000, 0x0000000100000000)
  eden space 149504K, 100% used [0x00000000eab00000,0x00000000f3d00000,0x00000000f3d00000)
  from space 28160K, 23% used [0x00000000f3d00000,0x00000000f4362378,0x00000000f5880000)
  to   space 28160K, 0% used [0x00000000f7400000,0x00000000f7400000,0x00000000f8f80000)
 ParOldGen       total 139264K, used 84455K [0x00000000c0000000, 0x00000000c8800000, 0x00000000eab00000)
  object space 139264K, 60% used [0x00000000c0000000,0x00000000c5279d28,0x00000000c8800000)
 Metaspace       used 84606K, capacity 87106K, committed 87336K, reserved 1124352K
  class space    used 11145K, capacity 11743K, committed 11824K, reserved 1048576K
Event: 248.844 GC heap after
Heap after GC invocations=36 (full 4):
 PSYoungGen      total 206336K, used 6746K [0x00000000eab00000, 0x00000000f8f00000, 0x0000000100000000)
  eden space 178688K, 0% used [0x00000000eab00000,0x00000000eab00000,0x00000000f5980000)
  from space 27648K, 24% used [0x00000000f7400000,0x00000000f7a96af8,0x00000000f8f00000)
  to   space 27136K, 0% used [0x00000000f5980000,0x00000000f5980000,0x00000000f7400000)
 ParOldGen       total 139264K, used 89362K [0x00000000c0000000, 0x00000000c8800000, 0x00000000eab00000)
  object space 139264K, 64% used [0x00000000c0000000,0x00000000c57448b8,0x00000000c8800000)
 Metaspace       used 84606K, capacity 87106K, committed 87336K, reserved 1124352K
  class space    used 11145K, capacity 11743K, committed 11824K, reserved 1048576K
}
Event: 250.557 GC heap before
{Heap before GC invocations=37 (full 4):
 PSYoungGen      total 206336K, used 185434K [0x00000000eab00000, 0x00000000f8f00000, 0x0000000100000000)
  eden space 178688K, 100% used [0x00000000eab00000,0x00000000f5980000,0x00000000f5980000)
  from space 27648K, 24% used [0x00000000f7400000,0x00000000f7a96af8,0x00000000f8f00000)
  to   space 27136K, 0% used [0x00000000f5980000,0x00000000f5980000,0x00000000f7400000)
 ParOldGen       total 139264K, used 89362K [0x00000000c0000000, 0x00000000c8800000, 0x00000000eab00000)
  object space 139264K, 64% used [0x00000000c0000000,0x00000000c57448b8,0x00000000c8800000)
 Metaspace       used 84660K, capacity 87112K, committed 87336K, reserved 1124352K
  class space    used 11146K, capacity 11744K, committed 11824K, reserved 1048576K
Event: 250.611 GC heap after
Heap after GC invocations=37 (full 4):
 PSYoungGen      total 205824K, used 6041K [0x00000000eab00000, 0x00000000fa980000, 0x0000000100000000)
  eden space 178688K, 0% used [0x00000000eab00000,0x00000000eab00000,0x00000000f5980000)
  from space 27136K, 22% used [0x00000000f5980000,0x00000000f5f667a8,0x00000000f7400000)
  to   space 26624K, 0% used [0x00000000f8f80000,0x00000000f8f80000,0x00000000fa980000)
 ParOldGen       total 139264K, used 94474K [0x00000000c0000000, 0x00000000c8800000, 0x00000000eab00000)
  object space 139264K, 67% used [0x00000000c0000000,0x00000000c5c429a0,0x00000000c8800000)
 Metaspace       used 84660K, capacity 87112K, committed 87336K, reserved 1124352K
  class space    used 11146K, capacity 11744K, committed 11824K, reserved 1048576K
}
Event: 257.230 GC heap before
{Heap before GC invocations=38 (full 4):
 PSYoungGen      total 205824K, used 184729K [0x00000000eab00000, 0x00000000fa980000, 0x0000000100000000)
  eden space 178688K, 100% used [0x00000000eab00000,0x00000000f5980000,0x00000000f5980000)
  from space 27136K, 22% used [0x00000000f5980000,0x00000000f5f667a8,0x00000000f7400000)
  to   space 26624K, 0% used [0x00000000f8f80000,0x00000000f8f80000,0x00000000fa980000)
 ParOldGen       total 139264K, used 94474K [0x00000000c0000000, 0x00000000c8800000, 0x00000000eab00000)
  object space 139264K, 67% used [0x00000000c0000000,0x00000000c5c429a0,0x00000000c8800000)
 Metaspace       used 84923K, capacity 87430K, committed 87592K, reserved 1124352K
  class space    used 11158K, capacity 11753K, committed 11824K, reserved 1048576K
Event: 257.271 GC heap after
Heap after GC invocations=38 (full 4):
 PSYoungGen      total 227840K, used 6067K [0x00000000eab00000, 0x00000000fa600000, 0x0000000100000000)
  eden space 204800K, 0% used [0x00000000eab00000,0x00000000eab00000,0x00000000f7300000)
  from space 23040K, 26% used [0x00000000f8f80000,0x00000000f956cd00,0x00000000fa600000)
  to   space 26112K, 0% used [0x00000000f7300000,0x00000000f7300000,0x00000000f8c80000)
 ParOldGen       total 139264K, used 98445K [0x00000000c0000000, 0x00000000c8800000, 0x00000000eab00000)
  object space 139264K, 70% used [0x00000000c0000000,0x00000000c60234d0,0x00000000c8800000)
 Metaspace       used 84923K, capacity 87430K, committed 87592K, reserved 1124352K
  class space    used 11158K, capacity 11753K, committed 11824K, reserved 1048576K
}

